Build started 10/21/2015 4:20:03 PM.
     1>Project "T:\courses\MALIS\TP1\feng_jorstad\src\Exercise3\Exercise3.vcxproj" on node 2 (rebuild target(s)).
     1>_PrepareForClean:
         Deleting file "Debug\Exercise3.lastbuildstate".
       InitializeBuildStatus:
         Touching "Debug\Exercise3.unsuccessfulbuild".
       ClCompile:
         C:\Program Files (x86)\Microsoft Visual Studio 10.0\VC\bin\CL.exe /c /ZI /nologo /W3 /WX- /Od /Oy- /D WIN32 /D _DEBUG /D _CONSOLE /D _UNICODE /D UNICODE /Gm /EHsc /RTC1 /MDd /GS /fp:precise /Zc:wchar_t /Zc:forScope /Fo"Debug\\" /Fd"Debug\vc100.pdb" /Gd /TC /analyze- /errorReport:prompt ..\chromosome.c ..\exercise3.c ..\image.c ..\population.c ..\tsp_utils.c
         tsp_utils.c
         population.c
         image.c
         exercise3.c
     1>t:\courses\malis\tp1\feng_jorstad\src\exercise3.c(31): warning C4101: 'e' : unreferenced local variable
         chromosome.c
         Generating Code...
       ManifestResourceCompile:
         C:\Program Files (x86)\Microsoft SDKs\Windows\v7.0A\bin\rc.exe /nologo /fo"Debug\Exercise3.exe.embed.manifest.res" Debug\Exercise3_manifest.rc 
       Link:
         C:\Program Files (x86)\Microsoft Visual Studio 10.0\VC\bin\link.exe /ERRORREPORT:PROMPT /OUT:"T:\courses\MALIS\TP1\feng_jorstad\src\Debug\Exercise3.exe" /INCREMENTAL /NOLOGO kernel32.lib user32.lib gdi32.lib winspool.lib comdlg32.lib advapi32.lib shell32.lib ole32.lib oleaut32.lib uuid.lib odbc32.lib odbccp32.lib /MANIFEST /ManifestFile:"Debug\Exercise3.exe.intermediate.manifest" /MANIFESTUAC:"level='asInvoker' uiAccess='false'" /DEBUG /PDB:"T:\courses\MALIS\TP1\feng_jorstad\src\Debug\Exercise3.pdb" /SUBSYSTEM:CONSOLE /TLBID:1 /DYNAMICBASE /NXCOMPAT /IMPLIB:"T:\courses\MALIS\TP1\feng_jorstad\src\Debug\Exercise3.lib" /MACHINE:X86 Debug\Exercise3.exe.embed.manifest.res
         Debug\chromosome.obj
         Debug\exercise3.obj
         Debug\image.obj
         Debug\population.obj
         Debug\tsp_utils.obj
     1>LINK : fatal error LNK1123: failure during conversion to COFF: file invalid or corrupt
     1>Done Building Project "T:\courses\MALIS\TP1\feng_jorstad\src\Exercise3\Exercise3.vcxproj" (rebuild target(s)) -- FAILED.

Build FAILED.

Time Elapsed 00:00:02.70
